# JRE version: OpenJDK Runtime Environment GraalVM CE 22.3.0 (17.0.5+8) (build 17.0.5+8-jvmci-22.3-b08)
# Java VM: OpenJDK 64-Bit Server VM GraalVM CE 22.3.0 (17.0.5+8-jvmci-22.3-b08, mixed mode, sharing, tiered, jvmci, jvmci compiler, compressed oops, compressed class ptrs, parallel gc, linux-amd64)
GC Precious Log:
 CPUs: 8 total, 1 available
 Memory: 1024M
 Large Page Support: Disabled
 NUMA Support: Disabled
 Compressed Oops: Enabled (32-bit)
 Alignments: Space 512K, Generation 512K, Heap 2M
 Heap Min Capacity: 100M
 Heap Initial Capacity: 100M
 Heap Max Capacity: 512M
 Pre-touch: Disabled
 Parallel Workers: 1
Heap:
 PSYoungGen      total 72192K, used 49664K [0x00000000f5580000, 0x00000000fb380000, 0x0000000100000000)
  eden space 49664K, 100% used [0x00000000f5580000,0x00000000f8600000,0x00000000f8600000)
  from space 22528K, 0% used [0x00000000f9c80000,0x00000000f9c80000,0x00000000fb280000)
  to   space 22528K, 0% used [0x00000000f8600000,0x00000000f8600000,0x00000000f9c00000)
 ParOldGen       total 349696K, used 349695K [0x00000000e0000000, 0x00000000f5580000, 0x00000000f5580000)
  object space 349696K, 99% used [0x00000000e0000000,0x00000000f557fff0,0x00000000f5580000)
 Metaspace       used 58876K, committed 59776K, reserved 1105920K
  class space    used 5257K, committed 5632K, reserved 1048576K
GC Heap History (20 events):
Event: 1468.097 GC heap before
{Heap before GC invocations=835 (full 646):
 PSYoungGen      total 72192K, used 49664K [0x00000000f5580000, 0x00000000fb380000, 0x0000000100000000)
  eden space 49664K, 100% used [0x00000000f5580000,0x00000000f8600000,0x00000000f8600000)
  from space 22528K, 0% used [0x00000000f9c80000,0x00000000f9c80000,0x00000000fb280000)
  to   space 22528K, 0% used [0x00000000f8600000,0x00000000f8600000,0x00000000f9c00000)
 ParOldGen       total 349696K, used 349695K [0x00000000e0000000, 0x00000000f5580000, 0x00000000f5580000)
  object space 349696K, 99% used [0x00000000e0000000,0x00000000f557fff0,0x00000000f5580000)
 Metaspace       used 58876K, committed 59776K, reserved 1105920K
  class space    used 5257K, committed 5632K, reserved 1048576K
}
Event: 1469.914 GC heap after
{Heap after GC invocations=835 (full 646):
 PSYoungGen      total 72192K, used 49664K [0x00000000f5580000, 0x00000000fb380000, 0x0000000100000000)
  eden space 49664K, 100% used [0x00000000f5580000,0x00000000f8600000,0x00000000f8600000)
  from space 22528K, 0% used [0x00000000f8600000,0x00000000f8600000,0x00000000f9c00000)
  to   space 22528K, 0% used [0x00000000f9c80000,0x00000000f9c80000,0x00000000fb280000)
 ParOldGen       total 349696K, used 349695K [0x00000000e0000000, 0x00000000f5580000, 0x00000000f5580000)
  object space 349696K, 99% used [0x00000000e0000000,0x00000000f557fff0,0x00000000f5580000)
 Metaspace       used 58876K, committed 59776K, reserved 1105920K
  class space    used 5257K, committed 5632K, reserved 1048576K
}
Event: 1469.914 GC heap before
{Heap before GC invocations=836 (full 647):
 PSYoungGen      total 72192K, used 49664K [0x00000000f5580000, 0x00000000fb380000, 0x0000000100000000)
  eden space 49664K, 100% used [0x00000000f5580000,0x00000000f8600000,0x00000000f8600000)
  from space 22528K, 0% used [0x00000000f8600000,0x00000000f8600000,0x00000000f9c00000)
  to   space 22528K, 0% used [0x00000000f9c80000,0x00000000f9c80000,0x00000000fb280000)
 ParOldGen       total 349696K, used 349695K [0x00000000e0000000, 0x00000000f5580000, 0x00000000f5580000)
  object space 349696K, 99% used [0x00000000e0000000,0x00000000f557fff0,0x00000000f5580000)
 Metaspace       used 58876K, committed 59776K, reserved 1105920K
  class space    used 5257K, committed 5632K, reserved 1048576K
}
Event: 1471.808 GC heap after
{Heap after GC invocations=836 (full 647):
 PSYoungGen      total 72192K, used 49664K [0x00000000f5580000, 0x00000000fb380000, 0x0000000100000000)
  eden space 49664K, 100% used [0x00000000f5580000,0x00000000f8600000,0x00000000f8600000)
  from space 22528K, 0% used [0x00000000f9c80000,0x00000000f9c80000,0x00000000fb280000)
  to   space 22528K, 0% used [0x00000000f8600000,0x00000000f8600000,0x00000000f9c00000)
 ParOldGen       total 349696K, used 349695K [0x00000000e0000000, 0x00000000f5580000, 0x00000000f5580000)
  object space 349696K, 99% used [0x00000000e0000000,0x00000000f557fff0,0x00000000f5580000)
 Metaspace       used 58876K, committed 59776K, reserved 1105920K
  class space    used 5257K, committed 5632K, reserved 1048576K
}
Event: 1471.808 GC heap before
{Heap before GC invocations=837 (full 648):
 PSYoungGen      total 72192K, used 49664K [0x00000000f5580000, 0x00000000fb380000, 0x0000000100000000)
  eden space 49664K, 100% used [0x00000000f5580000,0x00000000f8600000,0x00000000f8600000)
  from space 22528K, 0% used [0x00000000f9c80000,0x00000000f9c80000,0x00000000fb280000)
  to   space 22528K, 0% used [0x00000000f8600000,0x00000000f8600000,0x00000000f9c00000)
 ParOldGen       total 349696K, used 349695K [0x00000000e0000000, 0x00000000f5580000, 0x00000000f5580000)
  object space 349696K, 99% used [0x00000000e0000000,0x00000000f557fff0,0x00000000f5580000)
 Metaspace       used 58876K, committed 59776K, reserved 1105920K
  class space    used 5257K, committed 5632K, reserved 1048576K
}
Event: 1475.683 GC heap after
{Heap after GC invocations=837 (full 648):
 PSYoungGen      total 72192K, used 49664K [0x00000000f5580000, 0x00000000fb380000, 0x0000000100000000)
  eden space 49664K, 100% used [0x00000000f5580000,0x00000000f8600000,0x00000000f8600000)
  from space 22528K, 0% used [0x00000000f8600000,0x00000000f8600000,0x00000000f9c00000)
  to   space 22528K, 0% used [0x00000000f9c80000,0x00000000f9c80000,0x00000000fb280000)
 ParOldGen       total 349696K, used 349695K [0x00000000e0000000, 0x00000000f5580000, 0x00000000f5580000)
  object space 349696K, 99% used [0x00000000e0000000,0x00000000f557fff0,0x00000000f5580000)
 Metaspace       used 58876K, committed 59776K, reserved 1105920K
  class space    used 5257K, committed 5632K, reserved 1048576K
}
Event: 1475.683 GC heap before
{Heap before GC invocations=838 (full 649):
 PSYoungGen      total 72192K, used 49664K [0x00000000f5580000, 0x00000000fb380000, 0x0000000100000000)
  eden space 49664K, 100% used [0x00000000f5580000,0x00000000f8600000,0x00000000f8600000)
  from space 22528K, 0% used [0x00000000f8600000,0x00000000f8600000,0x00000000f9c00000)
  to   space 22528K, 0% used [0x00000000f9c80000,0x00000000f9c80000,0x00000000fb280000)
 ParOldGen       total 349696K, used 349695K [0x00000000e0000000, 0x00000000f5580000, 0x00000000f5580000)
  object space 349696K, 99% used [0x00000000e0000000,0x00000000f557fff0,0x00000000f5580000)
 Metaspace       used 58876K, committed 59776K, reserved 1105920K
  class space    used 5257K, committed 5632K, reserved 1048576K
}
Event: 1481.192 GC heap after
{Heap after GC invocations=838 (full 649):
 PSYoungGen      total 72192K, used 49664K [0x00000000f5580000, 0x00000000fb380000, 0x0000000100000000)
  eden space 49664K, 100% used [0x00000000f5580000,0x00000000f8600000,0x00000000f8600000)
  from space 22528K, 0% used [0x00000000f9c80000,0x00000000f9c80000,0x00000000fb280000)
  to   space 22528K, 0% used [0x00000000f8600000,0x00000000f8600000,0x00000000f9c00000)
 ParOldGen       total 349696K, used 349695K [0x00000000e0000000, 0x00000000f5580000, 0x00000000f5580000)
  object space 349696K, 99% used [0x00000000e0000000,0x00000000f557fff0,0x00000000f5580000)
 Metaspace       used 58876K, committed 59776K, reserved 1105920K
  class space    used 5257K, committed 5632K, reserved 1048576K
}
Event: 1481.192 GC heap before
{Heap before GC invocations=839 (full 650):
 PSYoungGen      total 72192K, used 49664K [0x00000000f5580000, 0x00000000fb380000, 0x0000000100000000)
  eden space 49664K, 100% used [0x00000000f5580000,0x00000000f8600000,0x00000000f8600000)
  from space 22528K, 0% used [0x00000000f9c80000,0x00000000f9c80000,0x00000000fb280000)
  to   space 22528K, 0% used [0x00000000f8600000,0x00000000f8600000,0x00000000f9c00000)
 ParOldGen       total 349696K, used 349695K [0x00000000e0000000, 0x00000000f5580000, 0x00000000f5580000)
  object space 349696K, 99% used [0x00000000e0000000,0x00000000f557fff0,0x00000000f5580000)
 Metaspace       used 58876K, committed 59776K, reserved 1105920K
  class space    used 5257K, committed 5632K, reserved 1048576K
}
Event: 1483.628 GC heap after
{Heap after GC invocations=839 (full 650):
 PSYoungGen      total 72192K, used 49663K [0x00000000f5580000, 0x00000000fb380000, 0x0000000100000000)
  eden space 49664K, 99% used [0x00000000f5580000,0x00000000f85fff18,0x00000000f8600000)
  from space 22528K, 0% used [0x00000000f8600000,0x00000000f8600000,0x00000000f9c00000)
  to   space 22528K, 0% used [0x00000000f9c80000,0x00000000f9c80000,0x00000000fb280000)
 ParOldGen       total 349696K, used 349695K [0x00000000e0000000, 0x00000000f5580000, 0x00000000f5580000)
  object space 349696K, 99% used [0x00000000e0000000,0x00000000f557ffd0,0x00000000f5580000)
 Metaspace       used 58876K, committed 59776K, reserved 1105920K
  class space    used 5257K, committed 5632K, reserved 1048576K
}
Event: 1483.628 GC heap before
{Heap before GC invocations=840 (full 651):
 PSYoungGen      total 72192K, used 49664K [0x00000000f5580000, 0x00000000fb380000, 0x0000000100000000)
  eden space 49664K, 100% used [0x00000000f5580000,0x00000000f8600000,0x00000000f8600000)
  from space 22528K, 0% used [0x00000000f8600000,0x00000000f8600000,0x00000000f9c00000)
  to   space 22528K, 0% used [0x00000000f9c80000,0x00000000f9c80000,0x00000000fb280000)
 ParOldGen       total 349696K, used 349695K [0x00000000e0000000, 0x00000000f5580000, 0x00000000f5580000)
  object space 349696K, 99% used [0x00000000e0000000,0x00000000f557ffd0,0x00000000f5580000)
 Metaspace       used 58876K, committed 59776K, reserved 1105920K
  class space    used 5257K, committed 5632K, reserved 1048576K
}
Event: 1485.690 GC heap after
{Heap after GC invocations=840 (full 651):
 PSYoungGen      total 72192K, used 49663K [0x00000000f5580000, 0x00000000fb380000, 0x0000000100000000)
  eden space 49664K, 99% used [0x00000000f5580000,0x00000000f85ffec0,0x00000000f8600000)
  from space 22528K, 0% used [0x00000000f9c80000,0x00000000f9c80000,0x00000000fb280000)
  to   space 22528K, 0% used [0x00000000f8600000,0x00000000f8600000,0x00000000f9c00000)
 ParOldGen       total 349696K, used 349695K [0x00000000e0000000, 0x00000000f5580000, 0x00000000f5580000)
  object space 349696K, 99% used [0x00000000e0000000,0x00000000f557ffd0,0x00000000f5580000)
 Metaspace       used 58876K, committed 59776K, reserved 1105920K
  class space    used 5257K, committed 5632K, reserved 1048576K
}
Event: 1485.694 GC heap before
{Heap before GC invocations=841 (full 652):
 PSYoungGen      total 72192K, used 49663K [0x00000000f5580000, 0x00000000fb380000, 0x0000000100000000)
  eden space 49664K, 99% used [0x00000000f5580000,0x00000000f85ffff8,0x00000000f8600000)
  from space 22528K, 0% used [0x00000000f9c80000,0x00000000f9c80000,0x00000000fb280000)
  to   space 22528K, 0% used [0x00000000f8600000,0x00000000f8600000,0x00000000f9c00000)
 ParOldGen       total 349696K, used 349695K [0x00000000e0000000, 0x00000000f5580000, 0x00000000f5580000)
  object space 349696K, 99% used [0x00000000e0000000,0x00000000f557ffd0,0x00000000f5580000)
 Metaspace       used 58876K, committed 59776K, reserved 1105920K
  class space    used 5257K, committed 5632K, reserved 1048576K
}
Event: 1487.502 GC heap after
{Heap after GC invocations=841 (full 652):
 PSYoungGen      total 72192K, used 49663K [0x00000000f5580000, 0x00000000fb380000, 0x0000000100000000)
  eden space 49664K, 99% used [0x00000000f5580000,0x00000000f85ffeb0,0x00000000f8600000)
  from space 22528K, 0% used [0x00000000f8600000,0x00000000f8600000,0x00000000f9c00000)
  to   space 22528K, 0% used [0x00000000f9c80000,0x00000000f9c80000,0x00000000fb280000)
 ParOldGen       total 349696K, used 349695K [0x00000000e0000000, 0x00000000f5580000, 0x00000000f5580000)
  object space 349696K, 99% used [0x00000000e0000000,0x00000000f557ffd0,0x00000000f5580000)
 Metaspace       used 58876K, committed 59776K, reserved 1105920K
  class space    used 5257K, committed 5632K, reserved 1048576K
}
Event: 1487.503 GC heap before
{Heap before GC invocations=842 (full 653):
 PSYoungGen      total 72192K, used 49664K [0x00000000f5580000, 0x00000000fb380000, 0x0000000100000000)
  eden space 49664K, 100% used [0x00000000f5580000,0x00000000f8600000,0x00000000f8600000)
  from space 22528K, 0% used [0x00000000f8600000,0x00000000f8600000,0x00000000f9c00000)
  to   space 22528K, 0% used [0x00000000f9c80000,0x00000000f9c80000,0x00000000fb280000)
 ParOldGen       total 349696K, used 349695K [0x00000000e0000000, 0x00000000f5580000, 0x00000000f5580000)
  object space 349696K, 99% used [0x00000000e0000000,0x00000000f557ffd0,0x00000000f5580000)
 Metaspace       used 58876K, committed 59776K, reserved 1105920K
  class space    used 5257K, committed 5632K, reserved 1048576K
}
Event: 1489.683 GC heap after
{Heap after GC invocations=842 (full 653):
 PSYoungGen      total 72192K, used 49663K [0x00000000f5580000, 0x00000000fb380000, 0x0000000100000000)
  eden space 49664K, 99% used [0x00000000f5580000,0x00000000f85ffeb0,0x00000000f8600000)
  from space 22528K, 0% used [0x00000000f9c80000,0x00000000f9c80000,0x00000000fb280000)
  to   space 22528K, 0% used [0x00000000f8600000,0x00000000f8600000,0x00000000f9c00000)
 ParOldGen       total 349696K, used 349695K [0x00000000e0000000, 0x00000000f5580000, 0x00000000f5580000)
  object space 349696K, 99% used [0x00000000e0000000,0x00000000f557ffd0,0x00000000f5580000)
 Metaspace       used 58876K, committed 59776K, reserved 1105920K
  class space    used 5257K, committed 5632K, reserved 1048576K
}
Event: 1489.683 GC heap before
{Heap before GC invocations=843 (full 654):
 PSYoungGen      total 72192K, used 49663K [0x00000000f5580000, 0x00000000fb380000, 0x0000000100000000)
  eden space 49664K, 99% used [0x00000000f5580000,0x00000000f85fff78,0x00000000f8600000)
  from space 22528K, 0% used [0x00000000f9c80000,0x00000000f9c80000,0x00000000fb280000)
  to   space 22528K, 0% used [0x00000000f8600000,0x00000000f8600000,0x00000000f9c00000)
 ParOldGen       total 349696K, used 349695K [0x00000000e0000000, 0x00000000f5580000, 0x00000000f5580000)
  object space 349696K, 99% used [0x00000000e0000000,0x00000000f557ffd0,0x00000000f5580000)
 Metaspace       used 58876K, committed 59776K, reserved 1105920K
  class space    used 5257K, committed 5632K, reserved 1048576K
}
Event: 1491.576 GC heap after
{Heap after GC invocations=843 (full 654):
 PSYoungGen      total 72192K, used 49663K [0x00000000f5580000, 0x00000000fb380000, 0x0000000100000000)
  eden space 49664K, 99% used [0x00000000f5580000,0x00000000f85ffec8,0x00000000f8600000)
  from space 22528K, 0% used [0x00000000f8600000,0x00000000f8600000,0x00000000f9c00000)
  to   space 22528K, 0% used [0x00000000f9c80000,0x00000000f9c80000,0x00000000fb280000)
 ParOldGen       total 349696K, used 349695K [0x00000000e0000000, 0x00000000f5580000, 0x00000000f5580000)
  object space 349696K, 99% used [0x00000000e0000000,0x00000000f557ffd0,0x00000000f5580000)
 Metaspace       used 58876K, committed 59776K, reserved 1105920K
  class space    used 5257K, committed 5632K, reserved 1048576K
}
Event: 1491.576 GC heap before
{Heap before GC invocations=844 (full 655):
 PSYoungGen      total 72192K, used 49663K [0x00000000f5580000, 0x00000000fb380000, 0x0000000100000000)
  eden space 49664K, 99% used [0x00000000f5580000,0x00000000f85ffec8,0x00000000f8600000)
  from space 22528K, 0% used [0x00000000f8600000,0x00000000f8600000,0x00000000f9c00000)
  to   space 22528K, 0% used [0x00000000f9c80000,0x00000000f9c80000,0x00000000fb280000)
 ParOldGen       total 349696K, used 349695K [0x00000000e0000000, 0x00000000f5580000, 0x00000000f5580000)
  object space 349696K, 99% used [0x00000000e0000000,0x00000000f557ffd0,0x00000000f5580000)
 Metaspace       used 58876K, committed 59776K, reserved 1105920K
  class space    used 5257K, committed 5632K, reserved 1048576K
}
Event: 1493.711 GC heap after
{Heap after GC invocations=844 (full 655):
 PSYoungGen      total 72192K, used 49663K [0x00000000f5580000, 0x00000000fb380000, 0x0000000100000000)
  eden space 49664K, 99% used [0x00000000f5580000,0x00000000f85ffec8,0x00000000f8600000)
  from space 22528K, 0% used [0x00000000f9c80000,0x00000000f9c80000,0x00000000fb280000)
  to   space 22528K, 0% used [0x00000000f8600000,0x00000000f8600000,0x00000000f9c00000)
 ParOldGen       total 349696K, used 349695K [0x00000000e0000000, 0x00000000f5580000, 0x00000000f5580000)
  object space 349696K, 99% used [0x00000000e0000000,0x00000000f557ffd0,0x00000000f5580000)
 Metaspace       used 58876K, committed 59776K, reserved 1105920K
  class space    used 5257K, committed 5632K, reserved 1048576K
}

