# JRE version: OpenJDK Runtime Environment GraalVM CE 22.3.0 (17.0.5+8) (build 17.0.5+8-jvmci-22.3-b08)
# Java VM: OpenJDK 64-Bit Server VM GraalVM CE 22.3.0 (17.0.5+8-jvmci-22.3-b08, mixed mode, sharing, tiered, jvmci, jvmci compiler, compressed oops, compressed class ptrs, parallel gc, linux-amd64)
GC Precious Log:
 CPUs: 8 total, 1 available
 Memory: 1024M
 Large Page Support: Disabled
 NUMA Support: Disabled
 Compressed Oops: Enabled (32-bit)
 Alignments: Space 512K, Generation 512K, Heap 2M
 Heap Min Capacity: 100M
 Heap Initial Capacity: 100M
 Heap Max Capacity: 512M
 Pre-touch: Disabled
 Parallel Workers: 1
Heap:
 PSYoungGen      total 50688K, used 39424K [0x00000000f5580000, 0x00000000f9400000, 0x0000000100000000)
  eden space 39424K, 100% used [0x00000000f5580000,0x00000000f7c00000,0x00000000f7c00000)
  from space 11264K, 0% used [0x00000000f8800000,0x00000000f8800000,0x00000000f9300000)
  to   space 11776K, 0% used [0x00000000f7c00000,0x00000000f7c00000,0x00000000f8780000)
 ParOldGen       total 349696K, used 349696K [0x00000000e0000000, 0x00000000f5580000, 0x00000000f5580000)
  object space 349696K, 100% used [0x00000000e0000000,0x00000000f5580000,0x00000000f5580000)
 Metaspace       used 60995K, committed 61888K, reserved 1105920K
  class space    used 5772K, committed 6208K, reserved 1048576K
GC Heap History (20 events):
Event: 1194.037 GC heap before
{Heap before GC invocations=708 (full 609):
 PSYoungGen      total 50688K, used 39424K [0x00000000f5580000, 0x00000000f9400000, 0x0000000100000000)
  eden space 39424K, 100% used [0x00000000f5580000,0x00000000f7c00000,0x00000000f7c00000)
  from space 11264K, 0% used [0x00000000f8800000,0x00000000f8800000,0x00000000f9300000)
  to   space 11776K, 0% used [0x00000000f7c00000,0x00000000f7c00000,0x00000000f8780000)
 ParOldGen       total 349696K, used 349687K [0x00000000e0000000, 0x00000000f5580000, 0x00000000f5580000)
  object space 349696K, 99% used [0x00000000e0000000,0x00000000f557dc30,0x00000000f5580000)
 Metaspace       used 60995K, committed 61888K, reserved 1105920K
  class space    used 5772K, committed 6208K, reserved 1048576K
}
Event: 1195.600 GC heap after
{Heap after GC invocations=708 (full 609):
 PSYoungGen      total 51200K, used 39424K [0x00000000f5580000, 0x00000000f9400000, 0x0000000100000000)
  eden space 39424K, 100% used [0x00000000f5580000,0x00000000f7c00000,0x00000000f7c00000)
  from space 11776K, 0% used [0x00000000f7c00000,0x00000000f7c00000,0x00000000f8780000)
  to   space 11264K, 0% used [0x00000000f8800000,0x00000000f8800000,0x00000000f9300000)
 ParOldGen       total 349696K, used 349687K [0x00000000e0000000, 0x00000000f5580000, 0x00000000f5580000)
  object space 349696K, 99% used [0x00000000e0000000,0x00000000f557dc30,0x00000000f5580000)
 Metaspace       used 60995K, committed 61888K, reserved 1105920K
  class space    used 5772K, committed 6208K, reserved 1048576K
}
Event: 1195.603 GC heap before
{Heap before GC invocations=709 (full 610):
 PSYoungGen      total 51200K, used 39424K [0x00000000f5580000, 0x00000000f9400000, 0x0000000100000000)
  eden space 39424K, 100% used [0x00000000f5580000,0x00000000f7c00000,0x00000000f7c00000)
  from space 11776K, 0% used [0x00000000f7c00000,0x00000000f7c00000,0x00000000f8780000)
  to   space 11264K, 0% used [0x00000000f8800000,0x00000000f8800000,0x00000000f9300000)
 ParOldGen       total 349696K, used 349689K [0x00000000e0000000, 0x00000000f5580000, 0x00000000f5580000)
  object space 349696K, 99% used [0x00000000e0000000,0x00000000f557e650,0x00000000f5580000)
 Metaspace       used 60995K, committed 61888K, reserved 1105920K
  class space    used 5772K, committed 6208K, reserved 1048576K
}
Event: 1197.027 GC heap after
{Heap after GC invocations=709 (full 610):
 PSYoungGen      total 50688K, used 39424K [0x00000000f5580000, 0x00000000f9400000, 0x0000000100000000)
  eden space 39424K, 100% used [0x00000000f5580000,0x00000000f7c00000,0x00000000f7c00000)
  from space 11264K, 0% used [0x00000000f8800000,0x00000000f8800000,0x00000000f9300000)
  to   space 11776K, 0% used [0x00000000f7c00000,0x00000000f7c00000,0x00000000f8780000)
 ParOldGen       total 349696K, used 349687K [0x00000000e0000000, 0x00000000f5580000, 0x00000000f5580000)
  object space 349696K, 99% used [0x00000000e0000000,0x00000000f557df98,0x00000000f5580000)
 Metaspace       used 60995K, committed 61888K, reserved 1105920K
  class space    used 5772K, committed 6208K, reserved 1048576K
}
Event: 1197.030 GC heap before
{Heap before GC invocations=710 (full 611):
 PSYoungGen      total 50688K, used 39424K [0x00000000f5580000, 0x00000000f9400000, 0x0000000100000000)
  eden space 39424K, 100% used [0x00000000f5580000,0x00000000f7c00000,0x00000000f7c00000)
  from space 11264K, 0% used [0x00000000f8800000,0x00000000f8800000,0x00000000f9300000)
  to   space 11776K, 0% used [0x00000000f7c00000,0x00000000f7c00000,0x00000000f8780000)
 ParOldGen       total 349696K, used 349690K [0x00000000e0000000, 0x00000000f5580000, 0x00000000f5580000)
  object space 349696K, 99% used [0x00000000e0000000,0x00000000f557e940,0x00000000f5580000)
 Metaspace       used 60995K, committed 61888K, reserved 1105920K
  class space    used 5772K, committed 6208K, reserved 1048576K
}
Event: 1198.595 GC heap after
{Heap after GC invocations=710 (full 611):
 PSYoungGen      total 51200K, used 39424K [0x00000000f5580000, 0x00000000f9400000, 0x0000000100000000)
  eden space 39424K, 100% used [0x00000000f5580000,0x00000000f7c00000,0x00000000f7c00000)
  from space 11776K, 0% used [0x00000000f7c00000,0x00000000f7c00000,0x00000000f8780000)
  to   space 11264K, 0% used [0x00000000f8800000,0x00000000f8800000,0x00000000f9300000)
 ParOldGen       total 349696K, used 349687K [0x00000000e0000000, 0x00000000f5580000, 0x00000000f5580000)
  object space 349696K, 99% used [0x00000000e0000000,0x00000000f557dee0,0x00000000f5580000)
 Metaspace       used 60995K, committed 61888K, reserved 1105920K
  class space    used 5772K, committed 6208K, reserved 1048576K
}
Event: 1198.599 GC heap before
{Heap before GC invocations=711 (full 612):
 PSYoungGen      total 51200K, used 39424K [0x00000000f5580000, 0x00000000f9400000, 0x0000000100000000)
  eden space 39424K, 100% used [0x00000000f5580000,0x00000000f7c00000,0x00000000f7c00000)
  from space 11776K, 0% used [0x00000000f7c00000,0x00000000f7c00000,0x00000000f8780000)
  to   space 11264K, 0% used [0x00000000f8800000,0x00000000f8800000,0x00000000f9300000)
 ParOldGen       total 349696K, used 349692K [0x00000000e0000000, 0x00000000f5580000, 0x00000000f5580000)
  object space 349696K, 99% used [0x00000000e0000000,0x00000000f557f238,0x00000000f5580000)
 Metaspace       used 60995K, committed 61888K, reserved 1105920K
  class space    used 5772K, committed 6208K, reserved 1048576K
}
Event: 1200.037 GC heap after
{Heap after GC invocations=711 (full 612):
 PSYoungGen      total 50688K, used 39424K [0x00000000f5580000, 0x00000000f9400000, 0x0000000100000000)
  eden space 39424K, 100% used [0x00000000f5580000,0x00000000f7c00000,0x00000000f7c00000)
  from space 11264K, 0% used [0x00000000f8800000,0x00000000f8800000,0x00000000f9300000)
  to   space 11776K, 0% used [0x00000000f7c00000,0x00000000f7c00000,0x00000000f8780000)
 ParOldGen       total 349696K, used 349691K [0x00000000e0000000, 0x00000000f5580000, 0x00000000f5580000)
  object space 349696K, 99% used [0x00000000e0000000,0x00000000f557ec18,0x00000000f5580000)
 Metaspace       used 60995K, committed 61888K, reserved 1105920K
  class space    used 5772K, committed 6208K, reserved 1048576K
}
Event: 1200.037 GC heap before
{Heap before GC invocations=712 (full 613):
 PSYoungGen      total 50688K, used 39424K [0x00000000f5580000, 0x00000000f9400000, 0x0000000100000000)
  eden space 39424K, 100% used [0x00000000f5580000,0x00000000f7c00000,0x00000000f7c00000)
  from space 11264K, 0% used [0x00000000f8800000,0x00000000f8800000,0x00000000f9300000)
  to   space 11776K, 0% used [0x00000000f7c00000,0x00000000f7c00000,0x00000000f8780000)
 ParOldGen       total 349696K, used 349693K [0x00000000e0000000, 0x00000000f5580000, 0x00000000f5580000)
  object space 349696K, 99% used [0x00000000e0000000,0x00000000f557f650,0x00000000f5580000)
 Metaspace       used 60995K, committed 61888K, reserved 1105920K
  class space    used 5772K, committed 6208K, reserved 1048576K
}
Event: 1201.505 GC heap after
{Heap after GC invocations=712 (full 613):
 PSYoungGen      total 51200K, used 39424K [0x00000000f5580000, 0x00000000f9400000, 0x0000000100000000)
  eden space 39424K, 100% used [0x00000000f5580000,0x00000000f7c00000,0x00000000f7c00000)
  from space 11776K, 0% used [0x00000000f7c00000,0x00000000f7c00000,0x00000000f8780000)
  to   space 11264K, 0% used [0x00000000f8800000,0x00000000f8800000,0x00000000f9300000)
 ParOldGen       total 349696K, used 349690K [0x00000000e0000000, 0x00000000f5580000, 0x00000000f5580000)
  object space 349696K, 99% used [0x00000000e0000000,0x00000000f557ebb0,0x00000000f5580000)
 Metaspace       used 60995K, committed 61888K, reserved 1105920K
  class space    used 5772K, committed 6208K, reserved 1048576K
}
Event: 1201.515 GC heap before
{Heap before GC invocations=713 (full 614):
 PSYoungGen      total 51200K, used 39424K [0x00000000f5580000, 0x00000000f9400000, 0x0000000100000000)
  eden space 39424K, 100% used [0x00000000f5580000,0x00000000f7c00000,0x00000000f7c00000)
  from space 11776K, 0% used [0x00000000f7c00000,0x00000000f7c00000,0x00000000f8780000)
  to   space 11264K, 0% used [0x00000000f8800000,0x00000000f8800000,0x00000000f9300000)
 ParOldGen       total 349696K, used 349693K [0x00000000e0000000, 0x00000000f5580000, 0x00000000f5580000)
  object space 349696K, 99% used [0x00000000e0000000,0x00000000f557f5b8,0x00000000f5580000)
 Metaspace       used 60995K, committed 61888K, reserved 1105920K
  class space    used 5772K, committed 6208K, reserved 1048576K
}
Event: 1203.097 GC heap after
{Heap after GC invocations=713 (full 614):
 PSYoungGen      total 50688K, used 39424K [0x00000000f5580000, 0x00000000f9400000, 0x0000000100000000)
  eden space 39424K, 100% used [0x00000000f5580000,0x00000000f7c00000,0x00000000f7c00000)
  from space 11264K, 0% used [0x00000000f8800000,0x00000000f8800000,0x00000000f9300000)
  to   space 11776K, 0% used [0x00000000f7c00000,0x00000000f7c00000,0x00000000f8780000)
 ParOldGen       total 349696K, used 349692K [0x00000000e0000000, 0x00000000f5580000, 0x00000000f5580000)
  object space 349696K, 99% used [0x00000000e0000000,0x00000000f557f120,0x00000000f5580000)
 Metaspace       used 60995K, committed 61888K, reserved 1105920K
  class space    used 5772K, committed 6208K, reserved 1048576K
}
Event: 1203.101 GC heap before
{Heap before GC invocations=714 (full 615):
 PSYoungGen      total 50688K, used 39424K [0x00000000f5580000, 0x00000000f9400000, 0x0000000100000000)
  eden space 39424K, 100% used [0x00000000f5580000,0x00000000f7c00000,0x00000000f7c00000)
  from space 11264K, 0% used [0x00000000f8800000,0x00000000f8800000,0x00000000f9300000)
  to   space 11776K, 0% used [0x00000000f7c00000,0x00000000f7c00000,0x00000000f8780000)
 ParOldGen       total 349696K, used 349694K [0x00000000e0000000, 0x00000000f5580000, 0x00000000f5580000)
  object space 349696K, 99% used [0x00000000e0000000,0x00000000f557f910,0x00000000f5580000)
 Metaspace       used 60995K, committed 61888K, reserved 1105920K
  class space    used 5772K, committed 6208K, reserved 1048576K
}
Event: 1204.605 GC heap after
{Heap after GC invocations=714 (full 615):
 PSYoungGen      total 51200K, used 39424K [0x00000000f5580000, 0x00000000f9400000, 0x0000000100000000)
  eden space 39424K, 100% used [0x00000000f5580000,0x00000000f7c00000,0x00000000f7c00000)
  from space 11776K, 0% used [0x00000000f7c00000,0x00000000f7c00000,0x00000000f8780000)
  to   space 11264K, 0% used [0x00000000f8800000,0x00000000f8800000,0x00000000f9300000)
 ParOldGen       total 349696K, used 349693K [0x00000000e0000000, 0x00000000f5580000, 0x00000000f5580000)
  object space 349696K, 99% used [0x00000000e0000000,0x00000000f557f530,0x00000000f5580000)
 Metaspace       used 60995K, committed 61888K, reserved 1105920K
  class space    used 5772K, committed 6208K, reserved 1048576K
}
Event: 1204.619 GC heap before
{Heap before GC invocations=715 (full 616):
 PSYoungGen      total 51200K, used 39424K [0x00000000f5580000, 0x00000000f9400000, 0x0000000100000000)
  eden space 39424K, 100% used [0x00000000f5580000,0x00000000f7c00000,0x00000000f7c00000)
  from space 11776K, 0% used [0x00000000f7c00000,0x00000000f7c00000,0x00000000f8780000)
  to   space 11264K, 0% used [0x00000000f8800000,0x00000000f8800000,0x00000000f9300000)
 ParOldGen       total 349696K, used 349695K [0x00000000e0000000, 0x00000000f5580000, 0x00000000f5580000)
  object space 349696K, 99% used [0x00000000e0000000,0x00000000f557fdc8,0x00000000f5580000)
 Metaspace       used 60995K, committed 61888K, reserved 1105920K
  class space    used 5772K, committed 6208K, reserved 1048576K
}
Event: 1205.828 GC heap after
{Heap after GC invocations=715 (full 616):
 PSYoungGen      total 50688K, used 39424K [0x00000000f5580000, 0x00000000f9400000, 0x0000000100000000)
  eden space 39424K, 100% used [0x00000000f5580000,0x00000000f7c00000,0x00000000f7c00000)
  from space 11264K, 0% used [0x00000000f8800000,0x00000000f8800000,0x00000000f9300000)
  to   space 11776K, 0% used [0x00000000f7c00000,0x00000000f7c00000,0x00000000f8780000)
 ParOldGen       total 349696K, used 349694K [0x00000000e0000000, 0x00000000f5580000, 0x00000000f5580000)
  object space 349696K, 99% used [0x00000000e0000000,0x00000000f557f898,0x00000000f5580000)
 Metaspace       used 60995K, committed 61888K, reserved 1105920K
  class space    used 5772K, committed 6208K, reserved 1048576K
}
Event: 1205.828 GC heap before
{Heap before GC invocations=716 (full 617):
 PSYoungGen      total 50688K, used 39424K [0x00000000f5580000, 0x00000000f9400000, 0x0000000100000000)
  eden space 39424K, 100% used [0x00000000f5580000,0x00000000f7c00000,0x00000000f7c00000)
  from space 11264K, 0% used [0x00000000f8800000,0x00000000f8800000,0x00000000f9300000)
  to   space 11776K, 0% used [0x00000000f7c00000,0x00000000f7c00000,0x00000000f8780000)
 ParOldGen       total 349696K, used 349694K [0x00000000e0000000, 0x00000000f5580000, 0x00000000f5580000)
  object space 349696K, 99% used [0x00000000e0000000,0x00000000f557f898,0x00000000f5580000)
 Metaspace       used 60995K, committed 61888K, reserved 1105920K
  class space    used 5772K, committed 6208K, reserved 1048576K
}
Event: 1207.321 GC heap after
{Heap after GC invocations=716 (full 617):
 PSYoungGen      total 51200K, used 39424K [0x00000000f5580000, 0x00000000f9400000, 0x0000000100000000)
  eden space 39424K, 100% used [0x00000000f5580000,0x00000000f7c00000,0x00000000f7c00000)
  from space 11776K, 0% used [0x00000000f7c00000,0x00000000f7c00000,0x00000000f8780000)
  to   space 11264K, 0% used [0x00000000f8800000,0x00000000f8800000,0x00000000f9300000)
 ParOldGen       total 349696K, used 349693K [0x00000000e0000000, 0x00000000f5580000, 0x00000000f5580000)
  object space 349696K, 99% used [0x00000000e0000000,0x00000000f557f7b8,0x00000000f5580000)
 Metaspace       used 60995K, committed 61888K, reserved 1105920K
  class space    used 5772K, committed 6208K, reserved 1048576K
}
Event: 1207.322 GC heap before
{Heap before GC invocations=717 (full 618):
 PSYoungGen      total 51200K, used 39424K [0x00000000f5580000, 0x00000000f9400000, 0x0000000100000000)
  eden space 39424K, 100% used [0x00000000f5580000,0x00000000f7c00000,0x00000000f7c00000)
  from space 11776K, 0% used [0x00000000f7c00000,0x00000000f7c00000,0x00000000f8780000)
  to   space 11264K, 0% used [0x00000000f8800000,0x00000000f8800000,0x00000000f9300000)
 ParOldGen       total 349696K, used 349693K [0x00000000e0000000, 0x00000000f5580000, 0x00000000f5580000)
  object space 349696K, 99% used [0x00000000e0000000,0x00000000f557f7f0,0x00000000f5580000)
 Metaspace       used 60995K, committed 61888K, reserved 1105920K
  class space    used 5772K, committed 6208K, reserved 1048576K
}
Event: 1208.790 GC heap after
{Heap after GC invocations=717 (full 618):
 PSYoungGen      total 50688K, used 39424K [0x00000000f5580000, 0x00000000f9400000, 0x0000000100000000)
  eden space 39424K, 100% used [0x00000000f5580000,0x00000000f7c00000,0x00000000f7c00000)
  from space 11264K, 0% used [0x00000000f8800000,0x00000000f8800000,0x00000000f9300000)
  to   space 11776K, 0% used [0x00000000f7c00000,0x00000000f7c00000,0x00000000f8780000)
 ParOldGen       total 349696K, used 349693K [0x00000000e0000000, 0x00000000f5580000, 0x00000000f5580000)
  object space 349696K, 99% used [0x00000000e0000000,0x00000000f557f7f0,0x00000000f5580000)
 Metaspace       used 60995K, committed 61888K, reserved 1105920K
  class space    used 5772K, committed 6208K, reserved 1048576K
}

