# JRE version: OpenJDK Runtime Environment GraalVM CE 22.3.0 (17.0.5+8) (build 17.0.5+8-jvmci-22.3-b08)
# Java VM: OpenJDK 64-Bit Server VM GraalVM CE 22.3.0 (17.0.5+8-jvmci-22.3-b08, mixed mode, sharing, tiered, jvmci, jvmci compiler, compressed oops, compressed class ptrs, parallel gc, linux-amd64)
GC Precious Log:
 CPUs: 8 total, 1 available
 Memory: 1024M
 Large Page Support: Disabled
 NUMA Support: Disabled
 Compressed Oops: Enabled (32-bit)
 Alignments: Space 512K, Generation 512K, Heap 2M
 Heap Min Capacity: 100M
 Heap Initial Capacity: 100M
 Heap Max Capacity: 512M
 Pre-touch: Disabled
 Parallel Workers: 1
Heap:
 PSYoungGen      total 40448K, used 29696K [0x00000000f5580000, 0x00000000f8a00000, 0x0000000100000000)
  eden space 29696K, 100% used [0x00000000f5580000,0x00000000f7280000,0x00000000f7280000)
  from space 10752K, 0% used [0x00000000f7280000,0x00000000f7280000,0x00000000f7d00000)
  to   space 10752K, 0% used [0x00000000f7f00000,0x00000000f7f00000,0x00000000f8980000)
 ParOldGen       total 349696K, used 349695K [0x00000000e0000000, 0x00000000f5580000, 0x00000000f5580000)
  object space 349696K, 99% used [0x00000000e0000000,0x00000000f557fff8,0x00000000f5580000)
 Metaspace       used 50818K, committed 51712K, reserved 1097728K
  class space    used 4620K, committed 4992K, reserved 1048576K
GC Heap History (20 events):
Event: 544.044 GC heap before
{Heap before GC invocations=457 (full 340):
 PSYoungGen      total 40448K, used 29695K [0x00000000f5580000, 0x00000000f8a00000, 0x0000000100000000)
  eden space 29696K, 99% used [0x00000000f5580000,0x00000000f727ffe8,0x00000000f7280000)
  from space 10752K, 0% used [0x00000000f7280000,0x00000000f7280000,0x00000000f7d00000)
  to   space 10752K, 0% used [0x00000000f7f00000,0x00000000f7f00000,0x00000000f8980000)
 ParOldGen       total 349696K, used 349696K [0x00000000e0000000, 0x00000000f5580000, 0x00000000f5580000)
  object space 349696K, 100% used [0x00000000e0000000,0x00000000f5580000,0x00000000f5580000)
 Metaspace       used 50818K, committed 51712K, reserved 1097728K
  class space    used 4620K, committed 4992K, reserved 1048576K
}
Event: 545.421 GC heap after
{Heap after GC invocations=457 (full 340):
 PSYoungGen      total 40448K, used 29695K [0x00000000f5580000, 0x00000000f8a00000, 0x0000000100000000)
  eden space 29696K, 99% used [0x00000000f5580000,0x00000000f727ffe8,0x00000000f7280000)
  from space 10752K, 0% used [0x00000000f7f00000,0x00000000f7f00000,0x00000000f8980000)
  to   space 10752K, 0% used [0x00000000f7280000,0x00000000f7280000,0x00000000f7d00000)
 ParOldGen       total 349696K, used 349694K [0x00000000e0000000, 0x00000000f5580000, 0x00000000f5580000)
  object space 349696K, 99% used [0x00000000e0000000,0x00000000f557fa60,0x00000000f5580000)
 Metaspace       used 50818K, committed 51712K, reserved 1097728K
  class space    used 4620K, committed 4992K, reserved 1048576K
}
Event: 545.422 GC heap before
{Heap before GC invocations=458 (full 341):
 PSYoungGen      total 40448K, used 29696K [0x00000000f5580000, 0x00000000f8a00000, 0x0000000100000000)
  eden space 29696K, 100% used [0x00000000f5580000,0x00000000f7280000,0x00000000f7280000)
  from space 10752K, 0% used [0x00000000f7f00000,0x00000000f7f00000,0x00000000f8980000)
  to   space 10752K, 0% used [0x00000000f7280000,0x00000000f7280000,0x00000000f7d00000)
 ParOldGen       total 349696K, used 349695K [0x00000000e0000000, 0x00000000f5580000, 0x00000000f5580000)
  object space 349696K, 99% used [0x00000000e0000000,0x00000000f557fff0,0x00000000f5580000)
 Metaspace       used 50818K, committed 51712K, reserved 1097728K
  class space    used 4620K, committed 4992K, reserved 1048576K
}
Event: 546.757 GC heap after
{Heap after GC invocations=458 (full 341):
 PSYoungGen      total 40448K, used 29696K [0x00000000f5580000, 0x00000000f8a00000, 0x0000000100000000)
  eden space 29696K, 100% used [0x00000000f5580000,0x00000000f7280000,0x00000000f7280000)
  from space 10752K, 0% used [0x00000000f7280000,0x00000000f7280000,0x00000000f7d00000)
  to   space 10752K, 0% used [0x00000000f7f00000,0x00000000f7f00000,0x00000000f8980000)
 ParOldGen       total 349696K, used 349695K [0x00000000e0000000, 0x00000000f5580000, 0x00000000f5580000)
  object space 349696K, 99% used [0x00000000e0000000,0x00000000f557fff0,0x00000000f5580000)
 Metaspace       used 50818K, committed 51712K, reserved 1097728K
  class space    used 4620K, committed 4992K, reserved 1048576K
}
Event: 546.757 GC heap before
{Heap before GC invocations=459 (full 342):
 PSYoungGen      total 40448K, used 29696K [0x00000000f5580000, 0x00000000f8a00000, 0x0000000100000000)
  eden space 29696K, 100% used [0x00000000f5580000,0x00000000f7280000,0x00000000f7280000)
  from space 10752K, 0% used [0x00000000f7280000,0x00000000f7280000,0x00000000f7d00000)
  to   space 10752K, 0% used [0x00000000f7f00000,0x00000000f7f00000,0x00000000f8980000)
 ParOldGen       total 349696K, used 349695K [0x00000000e0000000, 0x00000000f5580000, 0x00000000f5580000)
  object space 349696K, 99% used [0x00000000e0000000,0x00000000f557fff0,0x00000000f5580000)
 Metaspace       used 50818K, committed 51712K, reserved 1097728K
  class space    used 4620K, committed 4992K, reserved 1048576K
}
Event: 548.285 GC heap after
{Heap after GC invocations=459 (full 342):
 PSYoungGen      total 40448K, used 29696K [0x00000000f5580000, 0x00000000f8a00000, 0x0000000100000000)
  eden space 29696K, 100% used [0x00000000f5580000,0x00000000f7280000,0x00000000f7280000)
  from space 10752K, 0% used [0x00000000f7f00000,0x00000000f7f00000,0x00000000f8980000)
  to   space 10752K, 0% used [0x00000000f7280000,0x00000000f7280000,0x00000000f7d00000)
 ParOldGen       total 349696K, used 349695K [0x00000000e0000000, 0x00000000f5580000, 0x00000000f5580000)
  object space 349696K, 99% used [0x00000000e0000000,0x00000000f557fff0,0x00000000f5580000)
 Metaspace       used 50818K, committed 51712K, reserved 1097728K
  class space    used 4620K, committed 4992K, reserved 1048576K
}
Event: 548.288 GC heap before
{Heap before GC invocations=460 (full 343):
 PSYoungGen      total 40448K, used 29696K [0x00000000f5580000, 0x00000000f8a00000, 0x0000000100000000)
  eden space 29696K, 100% used [0x00000000f5580000,0x00000000f7280000,0x00000000f7280000)
  from space 10752K, 0% used [0x00000000f7f00000,0x00000000f7f00000,0x00000000f8980000)
  to   space 10752K, 0% used [0x00000000f7280000,0x00000000f7280000,0x00000000f7d00000)
 ParOldGen       total 349696K, used 349695K [0x00000000e0000000, 0x00000000f5580000, 0x00000000f5580000)
  object space 349696K, 99% used [0x00000000e0000000,0x00000000f557fff0,0x00000000f5580000)
 Metaspace       used 50818K, committed 51712K, reserved 1097728K
  class space    used 4620K, committed 4992K, reserved 1048576K
}
Event: 549.737 GC heap after
{Heap after GC invocations=460 (full 343):
 PSYoungGen      total 40448K, used 29696K [0x00000000f5580000, 0x00000000f8a00000, 0x0000000100000000)
  eden space 29696K, 100% used [0x00000000f5580000,0x00000000f7280000,0x00000000f7280000)
  from space 10752K, 0% used [0x00000000f7280000,0x00000000f7280000,0x00000000f7d00000)
  to   space 10752K, 0% used [0x00000000f7f00000,0x00000000f7f00000,0x00000000f8980000)
 ParOldGen       total 349696K, used 349695K [0x00000000e0000000, 0x00000000f5580000, 0x00000000f5580000)
  object space 349696K, 99% used [0x00000000e0000000,0x00000000f557fff0,0x00000000f5580000)
 Metaspace       used 50818K, committed 51712K, reserved 1097728K
  class space    used 4620K, committed 4992K, reserved 1048576K
}
Event: 549.737 GC heap before
{Heap before GC invocations=461 (full 344):
 PSYoungGen      total 40448K, used 29696K [0x00000000f5580000, 0x00000000f8a00000, 0x0000000100000000)
  eden space 29696K, 100% used [0x00000000f5580000,0x00000000f7280000,0x00000000f7280000)
  from space 10752K, 0% used [0x00000000f7280000,0x00000000f7280000,0x00000000f7d00000)
  to   space 10752K, 0% used [0x00000000f7f00000,0x00000000f7f00000,0x00000000f8980000)
 ParOldGen       total 349696K, used 349695K [0x00000000e0000000, 0x00000000f5580000, 0x00000000f5580000)
  object space 349696K, 99% used [0x00000000e0000000,0x00000000f557fff0,0x00000000f5580000)
 Metaspace       used 50818K, committed 51712K, reserved 1097728K
  class space    used 4620K, committed 4992K, reserved 1048576K
}
Event: 551.250 GC heap after
{Heap after GC invocations=461 (full 344):
 PSYoungGen      total 40448K, used 29696K [0x00000000f5580000, 0x00000000f8a00000, 0x0000000100000000)
  eden space 29696K, 100% used [0x00000000f5580000,0x00000000f7280000,0x00000000f7280000)
  from space 10752K, 0% used [0x00000000f7f00000,0x00000000f7f00000,0x00000000f8980000)
  to   space 10752K, 0% used [0x00000000f7280000,0x00000000f7280000,0x00000000f7d00000)
 ParOldGen       total 349696K, used 349695K [0x00000000e0000000, 0x00000000f5580000, 0x00000000f5580000)
  object space 349696K, 99% used [0x00000000e0000000,0x00000000f557fff0,0x00000000f5580000)
 Metaspace       used 50818K, committed 51712K, reserved 1097728K
  class space    used 4620K, committed 4992K, reserved 1048576K
}
Event: 551.252 GC heap before
{Heap before GC invocations=462 (full 345):
 PSYoungGen      total 40448K, used 29696K [0x00000000f5580000, 0x00000000f8a00000, 0x0000000100000000)
  eden space 29696K, 100% used [0x00000000f5580000,0x00000000f7280000,0x00000000f7280000)
  from space 10752K, 0% used [0x00000000f7f00000,0x00000000f7f00000,0x00000000f8980000)
  to   space 10752K, 0% used [0x00000000f7280000,0x00000000f7280000,0x00000000f7d00000)
 ParOldGen       total 349696K, used 349695K [0x00000000e0000000, 0x00000000f5580000, 0x00000000f5580000)
  object space 349696K, 99% used [0x00000000e0000000,0x00000000f557fff0,0x00000000f5580000)
 Metaspace       used 50818K, committed 51712K, reserved 1097728K
  class space    used 4620K, committed 4992K, reserved 1048576K
}
Event: 552.647 GC heap after
{Heap after GC invocations=462 (full 345):
 PSYoungGen      total 40448K, used 29696K [0x00000000f5580000, 0x00000000f8a00000, 0x0000000100000000)
  eden space 29696K, 100% used [0x00000000f5580000,0x00000000f7280000,0x00000000f7280000)
  from space 10752K, 0% used [0x00000000f7280000,0x00000000f7280000,0x00000000f7d00000)
  to   space 10752K, 0% used [0x00000000f7f00000,0x00000000f7f00000,0x00000000f8980000)
 ParOldGen       total 349696K, used 349695K [0x00000000e0000000, 0x00000000f5580000, 0x00000000f5580000)
  object space 349696K, 99% used [0x00000000e0000000,0x00000000f557ffd8,0x00000000f5580000)
 Metaspace       used 50818K, committed 51712K, reserved 1097728K
  class space    used 4620K, committed 4992K, reserved 1048576K
}
Event: 552.648 GC heap before
{Heap before GC invocations=463 (full 346):
 PSYoungGen      total 40448K, used 29696K [0x00000000f5580000, 0x00000000f8a00000, 0x0000000100000000)
  eden space 29696K, 100% used [0x00000000f5580000,0x00000000f7280000,0x00000000f7280000)
  from space 10752K, 0% used [0x00000000f7280000,0x00000000f7280000,0x00000000f7d00000)
  to   space 10752K, 0% used [0x00000000f7f00000,0x00000000f7f00000,0x00000000f8980000)
 ParOldGen       total 349696K, used 349695K [0x00000000e0000000, 0x00000000f5580000, 0x00000000f5580000)
  object space 349696K, 99% used [0x00000000e0000000,0x00000000f557fff8,0x00000000f5580000)
 Metaspace       used 50818K, committed 51712K, reserved 1097728K
  class space    used 4620K, committed 4992K, reserved 1048576K
}
Event: 554.129 GC heap after
{Heap after GC invocations=463 (full 346):
 PSYoungGen      total 40448K, used 29696K [0x00000000f5580000, 0x00000000f8a00000, 0x0000000100000000)
  eden space 29696K, 100% used [0x00000000f5580000,0x00000000f7280000,0x00000000f7280000)
  from space 10752K, 0% used [0x00000000f7f00000,0x00000000f7f00000,0x00000000f8980000)
  to   space 10752K, 0% used [0x00000000f7280000,0x00000000f7280000,0x00000000f7d00000)
 ParOldGen       total 349696K, used 349695K [0x00000000e0000000, 0x00000000f5580000, 0x00000000f5580000)
  object space 349696K, 99% used [0x00000000e0000000,0x00000000f557fff8,0x00000000f5580000)
 Metaspace       used 50818K, committed 51712K, reserved 1097728K
  class space    used 4620K, committed 4992K, reserved 1048576K
}
Event: 554.129 GC heap before
{Heap before GC invocations=464 (full 347):
 PSYoungGen      total 40448K, used 29696K [0x00000000f5580000, 0x00000000f8a00000, 0x0000000100000000)
  eden space 29696K, 100% used [0x00000000f5580000,0x00000000f7280000,0x00000000f7280000)
  from space 10752K, 0% used [0x00000000f7f00000,0x00000000f7f00000,0x00000000f8980000)
  to   space 10752K, 0% used [0x00000000f7280000,0x00000000f7280000,0x00000000f7d00000)
 ParOldGen       total 349696K, used 349695K [0x00000000e0000000, 0x00000000f5580000, 0x00000000f5580000)
  object space 349696K, 99% used [0x00000000e0000000,0x00000000f557fff8,0x00000000f5580000)
 Metaspace       used 50818K, committed 51712K, reserved 1097728K
  class space    used 4620K, committed 4992K, reserved 1048576K
}
Event: 555.755 GC heap after
{Heap after GC invocations=464 (full 347):
 PSYoungGen      total 40448K, used 29696K [0x00000000f5580000, 0x00000000f8a00000, 0x0000000100000000)
  eden space 29696K, 100% used [0x00000000f5580000,0x00000000f7280000,0x00000000f7280000)
  from space 10752K, 0% used [0x00000000f7280000,0x00000000f7280000,0x00000000f7d00000)
  to   space 10752K, 0% used [0x00000000f7f00000,0x00000000f7f00000,0x00000000f8980000)
 ParOldGen       total 349696K, used 349695K [0x00000000e0000000, 0x00000000f5580000, 0x00000000f5580000)
  object space 349696K, 99% used [0x00000000e0000000,0x00000000f557fff8,0x00000000f5580000)
 Metaspace       used 50818K, committed 51712K, reserved 1097728K
  class space    used 4620K, committed 4992K, reserved 1048576K
}
Event: 555.758 GC heap before
{Heap before GC invocations=465 (full 348):
 PSYoungGen      total 40448K, used 29696K [0x00000000f5580000, 0x00000000f8a00000, 0x0000000100000000)
  eden space 29696K, 100% used [0x00000000f5580000,0x00000000f7280000,0x00000000f7280000)
  from space 10752K, 0% used [0x00000000f7280000,0x00000000f7280000,0x00000000f7d00000)
  to   space 10752K, 0% used [0x00000000f7f00000,0x00000000f7f00000,0x00000000f8980000)
 ParOldGen       total 349696K, used 349695K [0x00000000e0000000, 0x00000000f5580000, 0x00000000f5580000)
  object space 349696K, 99% used [0x00000000e0000000,0x00000000f557fff8,0x00000000f5580000)
 Metaspace       used 50818K, committed 51712K, reserved 1097728K
  class space    used 4620K, committed 4992K, reserved 1048576K
}
Event: 557.152 GC heap after
{Heap after GC invocations=465 (full 348):
 PSYoungGen      total 40448K, used 29696K [0x00000000f5580000, 0x00000000f8a00000, 0x0000000100000000)
  eden space 29696K, 100% used [0x00000000f5580000,0x00000000f7280000,0x00000000f7280000)
  from space 10752K, 0% used [0x00000000f7f00000,0x00000000f7f00000,0x00000000f8980000)
  to   space 10752K, 0% used [0x00000000f7280000,0x00000000f7280000,0x00000000f7d00000)
 ParOldGen       total 349696K, used 349695K [0x00000000e0000000, 0x00000000f5580000, 0x00000000f5580000)
  object space 349696K, 99% used [0x00000000e0000000,0x00000000f557fff8,0x00000000f5580000)
 Metaspace       used 50818K, committed 51712K, reserved 1097728K
  class space    used 4620K, committed 4992K, reserved 1048576K
}
Event: 557.153 GC heap before
{Heap before GC invocations=466 (full 349):
 PSYoungGen      total 40448K, used 29696K [0x00000000f5580000, 0x00000000f8a00000, 0x0000000100000000)
  eden space 29696K, 100% used [0x00000000f5580000,0x00000000f7280000,0x00000000f7280000)
  from space 10752K, 0% used [0x00000000f7f00000,0x00000000f7f00000,0x00000000f8980000)
  to   space 10752K, 0% used [0x00000000f7280000,0x00000000f7280000,0x00000000f7d00000)
 ParOldGen       total 349696K, used 349695K [0x00000000e0000000, 0x00000000f5580000, 0x00000000f5580000)
  object space 349696K, 99% used [0x00000000e0000000,0x00000000f557fff8,0x00000000f5580000)
 Metaspace       used 50818K, committed 51712K, reserved 1097728K
  class space    used 4620K, committed 4992K, reserved 1048576K
}
Event: 558.689 GC heap after
{Heap after GC invocations=466 (full 349):
 PSYoungGen      total 40448K, used 29696K [0x00000000f5580000, 0x00000000f8a00000, 0x0000000100000000)
  eden space 29696K, 100% used [0x00000000f5580000,0x00000000f7280000,0x00000000f7280000)
  from space 10752K, 0% used [0x00000000f7280000,0x00000000f7280000,0x00000000f7d00000)
  to   space 10752K, 0% used [0x00000000f7f00000,0x00000000f7f00000,0x00000000f8980000)
 ParOldGen       total 349696K, used 349695K [0x00000000e0000000, 0x00000000f5580000, 0x00000000f5580000)
  object space 349696K, 99% used [0x00000000e0000000,0x00000000f557fff8,0x00000000f5580000)
 Metaspace       used 50818K, committed 51712K, reserved 1097728K
  class space    used 4620K, committed 4992K, reserved 1048576K
}

